<?xml version="1.0" encoding="UTF-8"?>
<!-- Generated by org.testng.reporters.JUnitReportReporter -->
<testsuite hostname="DESKTOP-QN4QNHH" failures="0" tests="5" name="com.shopiroller.devPanelTests.LoginTests" time="9.079" errors="0" timestamp="2023-03-21T05:01:02 TRT" skipped="0">
  <testcase classname="com.shopiroller.devPanelTests.LoginTests" name="LoginSuccessfully" time="2.390"/>
  <system-out/>
  <testcase classname="com.shopiroller.devPanelTests.LoginTests" name="LoginWithWrongEmail" time="2.204"/>
  <system-out/>
  <testcase classname="com.shopiroller.devPanelTests.LoginTests" name="LoginWithInvalidEmail" time="1.168"/>
  <system-out/>
  <testcase classname="com.shopiroller.devPanelTests.LoginTests" name="LoginWithWrongPassword" time="1.163"/>
  <system-out/>
  <testcase classname="com.shopiroller.devPanelTests.LoginTests" name="LoginWithWrongEmailAndPassword" time="2.154"/>
  <system-out/>
</testsuite> <!-- com.shopiroller.devPanelTests.LoginTests -->
