<?xml version="1.0" encoding="UTF-8"?>
<!-- Generated by org.testng.reporters.JUnitReportReporter -->
<testsuite hostname="DESKTOP-QN4QNHH" failures="0" tests="1" name="com.shopiroller.test.AddRemoveItemBasketTest" time="14.656" errors="0" timestamp="2023-03-17T03:44:44 TRT" skipped="0">
  <testcase classname="com.shopiroller.test.AddRemoveItemBasketTest" name="addRemoveItem" time="14.656"/>
  <system-out/>
</testsuite> <!-- com.shopiroller.test.AddRemoveItemBasketTest -->
