<?xml version="1.0" encoding="UTF-8"?>
<!-- Generated by org.testng.reporters.JUnitReportReporter -->
<testsuite hostname="DESKTOP-QN4QNHH" failures="0" tests="1" name="com.shopiroller.test.OrderCompleteTest" time="23.765" errors="0" timestamp="2023-03-17T01:27:22 TRT" skipped="0">
  <testcase classname="com.shopiroller.test.OrderCompleteTest" name="endToEndTest" time="23.765"/>
  <system-out/>
</testsuite> <!-- com.shopiroller.test.OrderCompleteTest -->
