<?xml version="1.0" encoding="UTF-8"?>
<!-- Generated by org.testng.reporters.JUnitReportReporter -->
<testsuite hostname="DESKTOP-QN4QNHH" failures="0" tests="1" name="com.shopiroller.test.OrderCompleteTest" time="20.118" errors="0" timestamp="2023-03-06T14:58:10 TRT" skipped="0">
  <testcase classname="com.shopiroller.test.OrderCompleteTest" name="endToEndTest" time="20.118"/>
  <system-out/>
</testsuite> <!-- com.shopiroller.test.OrderCompleteTest -->
